<html>
<head>
<title>TestNG:  Default test</title>
<link href="../testng.css" rel="stylesheet" type="text/css" />
<link href="../my-testng.css" rel="stylesheet" type="text/css" />

<style type="text/css">
.log { display: none;} 
.stack-trace { display: none;} 
</style>
<script type="text/javascript">
<!--
function flip(e) {
  current = e.style.display;
  if (current == 'block') {
    e.style.display = 'none';
    return 0;
  }
  else {
    e.style.display = 'block';
    return 1;
  }
}

function toggleBox(szDivId, elem, msg1, msg2)
{
  var res = -1;  if (document.getElementById) {
    res = flip(document.getElementById(szDivId));
  }
  else if (document.all) {
    // this is the way old msie versions work
    res = flip(document.all[szDivId]);
  }
  if(elem) {
    if(res == 0) elem.innerHTML = msg1; else elem.innerHTML = msg2;
  }

}

function toggleAllBoxes() {
  if (document.getElementsByTagName) {
    d = document.getElementsByTagName('div');
    for (i = 0; i < d.length; i++) {
      if (d[i].className == 'log') {
        flip(d[i]);
      }
    }
  }
}

// -->
</script>

</head>
<body>
<h2 align='center'>Default test</h2><table border='1' align="center">
<tr>
<td>Tests passed/Failed/Skipped:</td><td>0/1/0</td>
</tr><tr>
<td>Started on:</td><td>Mon Dec 26 00:51:55 IST 2016</td>
</tr>
<tr><td>Total time:</td><td>3602 seconds (3602521 ms)</td>
</tr><tr>
<td>Included groups:</td><td></td>
</tr><tr>
<td>Excluded groups:</td><td></td>
</tr>
</table><p/>
<small><i>(Hover the method name to see the test class name)</i></small><p/>
<table width='100%' border='1' class='invocation-failed'>
<tr><td colspan='4' align='center'><b>FAILED CONFIGURATIONS</b></td></tr>
<tr><td><b>Test method</b></td>
<td width="30%"><b>Exception</b></td>
<td width="10%"><b>Time (seconds)</b></td>
<td><b>Instance</b></td>
</tr>
<tr>
<td title='socialtrade.bin.TodayTaskTest.tearDown()'><b>tearDown</b><br>Test class: socialtrade.bin.TodayTaskTest</td>
<td><div><pre>org.openqa.selenium.NoSuchWindowException: Window not found. The browser window may have been closed.
Command duration or timeout: 142 milliseconds
Build info: version: &apos;2.45.0&apos;, revision: &apos;5017cb8&apos;, time: &apos;2015-02-26 23:59:50&apos;
System info: host: &apos;venkat-PC&apos;, ip: &apos;192.168.0.4&apos;, os.name: &apos;Windows 7&apos;, os.arch: &apos;amd64&apos;, os.version: &apos;6.1&apos;, java.version: &apos;1.7.0_79&apos;
Session ID: 089d14b7-58f9-4a33-b13c-0237d138ded3
Driver info: org.openqa.selenium.firefox.FirefoxDriver
Capabilities [{platform=WINDOWS, acceptSslCerts=true, javascriptEnabled=true, cssSelectorsEnabled=true, databaseEnabled=true, browserName=firefox, handlesAlerts=true, nativeEvents=false, webStorageEnabled=true, rotatable=false, locationContextEnabled=true, applicationCacheEnabled=true, takesScreenshot=true, version=35.0}]
	at sun.reflect.NativeConstructorAccessorImpl.newInstance0(Native Method)
	at sun.reflect.NativeConstructorAccessorImpl.newInstance(Unknown Source)
	at sun.reflect.DelegatingConstructorAccessorImpl.newInstance(Unknown Source)
	at java.lang.reflect.Constructor.newInstance(Unknown Source)
	at org.openqa.selenium.remote.ErrorHandler.createThrowable(ErrorHandler.java:204)
	at org.openqa.selenium.remote.ErrorHandler.throwIfResponseFailed(ErrorHandler.java:156)
	at org.openqa.selenium.remote.RemoteWebDriver.execute(RemoteWebDriver.java:599)
	at org.openqa.selenium.remote.RemoteWebDriver.execute(RemoteWebDriver.java:622)
	at org.openqa.selenium.remote.RemoteWebDriver$RemoteWebDriverOptions.deleteAllCookies(RemoteWebDriver.java:693)
	at socialtrade.bin.BaseClass.tearDown(BaseClass.java:35)
	at sun.reflect.NativeMethodAccessorImpl.invoke0(Native Method)
	at sun.reflect.NativeMethodAccessorImpl.invoke(Unknown Source)
	at sun.reflect.DelegatingMethodAccessorImpl.invoke(Unknown Source)
	at java.lang.reflect.Method.invoke(Unknown Source)
	at org.testng.internal.MethodInvocationHelper.invokeMethod(MethodInvocationHelper.java:84)
	at org.testng.internal.Invoker.invokeConfigurationMethod(Invoker.java:564)
	at org.testng.internal.Invoker.invokeConfigurations(Invoker.java:213)
	at org.testng.internal.Invoker.invokeConfigurations(Invoker.java:138)
	at org.testng.internal.TestMethodWorker.invokeAfterClassMethods(TestMethodWorker.java:225)
	at org.testng.internal.TestMethodWorker.run(TestMethodWorker.java:114)
	at org.testng.TestRunner.privateRun(TestRunner.java:767)
	at org.testng.TestRunner.run(TestRunner.java:617)
	at org.testng.SuiteRunner.runTest(SuiteRunner.java:334)
	at org.testng.SuiteRunner.runSequentially(SuiteRunner.java:329)
	at org.testng.SuiteRunner.privateRun(SuiteRunner.java:291)
	at org.testng.SuiteRunner.run(SuiteRunner.java:240)
	at org.testng.SuiteRunnerWorker.runSuite(SuiteRunnerWorker.java:52)
	at org.testng.SuiteRunnerWorker.run(SuiteRunnerWorker.java:86)
	at org.testng.TestNG.runSuitesSequentially(TestNG.java:1224)
	at org.testng.TestNG.runSuitesLocally(TestNG.java:1149)
	at org.testng.TestNG.run(TestNG.java:1057)
	at org.testng.remote.RemoteTestNG.run(RemoteTestNG.java:115)
	at org.testng.remote.RemoteTestNG.initAndRun(RemoteTestNG.java:207)
	at org.testng.remote.RemoteTestNG.main(RemoteTestNG.java:178)
Caused by: org.openqa.selenium.NoSuchWindowException: Window not found. The browser window may have been closed.
Build info: version: &apos;2.45.0&apos;, revision: &apos;5017cb8&apos;, time: &apos;2015-02-26 23:59:50&apos;
System info: host: &apos;venkat-PC&apos;, ip: &apos;192.168.0.4&apos;, os.name: &apos;Windows 7&apos;, os.arch: &apos;amd64&apos;, os.version: &apos;6.1&apos;, java.version: &apos;1.7.0_79&apos;
Driver info: driver.version: unknown
	at &lt;anonymous class&gt;.nsCommandProcessor.prototype.execute(file:///C:/Users/venkat/AppData/Local/Temp/anonymous4206586386288181694webdriver-profile/extensions/fxdriver@googlecode.com/components/command-processor.js:12343)
	at &lt;anonymous class&gt;.Dispatcher.executeAs/&lt;(file:///C:/Users/venkat/AppData/Local/Temp/anonymous4206586386288181694webdriver-profile/extensions/fxdriver@googlecode.com/components/driver-component.js:9061)
	at &lt;anonymous class&gt;.Resource.prototype.handle(file:///C:/Users/venkat/AppData/Local/Temp/anonymous4206586386288181694webdriver-profile/extensions/fxdriver@googlecode.com/components/driver-component.js:9208)
	at &lt;anonymous class&gt;.Dispatcher.prototype.dispatch(file:///C:/Users/venkat/AppData/Local/Temp/anonymous4206586386288181694webdriver-profile/extensions/fxdriver@googlecode.com/components/driver-component.js:9155)
	at &lt;anonymous class&gt;.WebDriverServer/&lt;.handle(file:///C:/Users/venkat/AppData/Local/Temp/anonymous4206586386288181694webdriver-profile/extensions/fxdriver@googlecode.com/components/driver-component.js:12128)
	at &lt;anonymous class&gt;.createHandlerFunc/&lt;(file:///C:/Users/venkat/AppData/Local/Temp/anonymous4206586386288181694webdriver-profile/extensions/fxdriver@googlecode.com/components/httpd.js:2058)
	at &lt;anonymous class&gt;.ServerHandler.prototype.handleResponse(file:///C:/Users/venkat/AppData/Local/Temp/anonymous4206586386288181694webdriver-profile/extensions/fxdriver@googlecode.com/components/httpd.js:2391)
	at &lt;anonymous class&gt;.Connection.prototype.process(file:///C:/Users/venkat/AppData/Local/Temp/anonymous4206586386288181694webdriver-profile/extensions/fxdriver@googlecode.com/components/httpd.js:1227)
	at &lt;anonymous class&gt;.RequestReader.prototype._handleResponse(file:///C:/Users/venkat/AppData/Local/Temp/anonymous4206586386288181694webdriver-profile/extensions/fxdriver@googlecode.com/components/httpd.js:1681)
	at &lt;anonymous class&gt;.RequestReader.prototype._processBody(file:///C:/Users/venkat/AppData/Local/Temp/anonymous4206586386288181694webdriver-profile/extensions/fxdriver@googlecode.com/components/httpd.js:1529)
	at &lt;anonymous class&gt;.RequestReader.prototype.onInputStreamReady(file:///C:/Users/venkat/AppData/Local/Temp/anonymous4206586386288181694webdriver-profile/extensions/fxdriver@googlecode.com/components/httpd.js:1397)
	at &lt;anonymous class&gt;.openModalWindow(resource://gre/components/nsPrompter.js:369)
	at &lt;anonymous class&gt;.ModalPrompter.prototype.openPrompt(resource://gre/components/nsPrompter.js:552)
	at &lt;anonymous class&gt;.ModalPrompter.prototype.alert(resource://gre/components/nsPrompter.js:604)
	at &lt;anonymous class&gt;.ObservingAlert.prototype.alert(file:///C:/Users/venkat/AppData/Local/Temp/anonymous4206586386288181694webdriver-profile/extensions/fxdriver@googlecode.com/components/prompt-service.js:9049)
	at &lt;anonymous class&gt;.&lt;anonymous method&gt;(http://newupdate.checkupdate247freshandforfree.pw/?pcl=Woy7r33n1L3bPQ5AFYu6EJ8tnLAmczLqFmqzCPPBOQM.&amp;cid=wNSP8UEBD2NCF432HQEH4R5A&amp;v_id=wsEPowskTHYPhprqFu2cho6EfT3MgwBWrwSop-pzg1s.:5)
</pre></div><a href='#' onClick='toggleBox("stack-trace2069743059", this, "Click to show all stack frames", "Click to hide stack frames")'>Click to show all stack frames</a>
<div class='stack-trace' id='stack-trace2069743059'><pre>org.openqa.selenium.NoSuchWindowException: Window not found. The browser window may have been closed.
Command duration or timeout: 142 milliseconds
Build info: version: &apos;2.45.0&apos;, revision: &apos;5017cb8&apos;, time: &apos;2015-02-26 23:59:50&apos;
System info: host: &apos;venkat-PC&apos;, ip: &apos;192.168.0.4&apos;, os.name: &apos;Windows 7&apos;, os.arch: &apos;amd64&apos;, os.version: &apos;6.1&apos;, java.version: &apos;1.7.0_79&apos;
Session ID: 089d14b7-58f9-4a33-b13c-0237d138ded3
Driver info: org.openqa.selenium.firefox.FirefoxDriver
Capabilities [{platform=WINDOWS, acceptSslCerts=true, javascriptEnabled=true, cssSelectorsEnabled=true, databaseEnabled=true, browserName=firefox, handlesAlerts=true, nativeEvents=false, webStorageEnabled=true, rotatable=false, locationContextEnabled=true, applicationCacheEnabled=true, takesScreenshot=true, version=35.0}]
	at sun.reflect.NativeConstructorAccessorImpl.newInstance0(Native Method)
	at sun.reflect.NativeConstructorAccessorImpl.newInstance(Unknown Source)
	at sun.reflect.DelegatingConstructorAccessorImpl.newInstance(Unknown Source)
	at java.lang.reflect.Constructor.newInstance(Unknown Source)
	at org.openqa.selenium.remote.ErrorHandler.createThrowable(ErrorHandler.java:204)
	at org.openqa.selenium.remote.ErrorHandler.throwIfResponseFailed(ErrorHandler.java:156)
	at org.openqa.selenium.remote.RemoteWebDriver.execute(RemoteWebDriver.java:599)
	at org.openqa.selenium.remote.RemoteWebDriver.execute(RemoteWebDriver.java:622)
	at org.openqa.selenium.remote.RemoteWebDriver$RemoteWebDriverOptions.deleteAllCookies(RemoteWebDriver.java:693)
	at socialtrade.bin.BaseClass.tearDown(BaseClass.java:35)
	at sun.reflect.NativeMethodAccessorImpl.invoke0(Native Method)
	at sun.reflect.NativeMethodAccessorImpl.invoke(Unknown Source)
	at sun.reflect.DelegatingMethodAccessorImpl.invoke(Unknown Source)
	at java.lang.reflect.Method.invoke(Unknown Source)
	at org.testng.internal.MethodInvocationHelper.invokeMethod(MethodInvocationHelper.java:84)
	at org.testng.internal.Invoker.invokeConfigurationMethod(Invoker.java:564)
	at org.testng.internal.Invoker.invokeConfigurations(Invoker.java:213)
	at org.testng.internal.Invoker.invokeConfigurations(Invoker.java:138)
	at org.testng.internal.TestMethodWorker.invokeAfterClassMethods(TestMethodWorker.java:225)
	at org.testng.internal.TestMethodWorker.run(TestMethodWorker.java:114)
	at org.testng.TestRunner.privateRun(TestRunner.java:767)
	at org.testng.TestRunner.run(TestRunner.java:617)
	at org.testng.SuiteRunner.runTest(SuiteRunner.java:334)
	at org.testng.SuiteRunner.runSequentially(SuiteRunner.java:329)
	at org.testng.SuiteRunner.privateRun(SuiteRunner.java:291)
	at org.testng.SuiteRunner.run(SuiteRunner.java:240)
	at org.testng.SuiteRunnerWorker.runSuite(SuiteRunnerWorker.java:52)
	at org.testng.SuiteRunnerWorker.run(SuiteRunnerWorker.java:86)
	at org.testng.TestNG.runSuitesSequentially(TestNG.java:1224)
	at org.testng.TestNG.runSuitesLocally(TestNG.java:1149)
	at org.testng.TestNG.run(TestNG.java:1057)
	at org.testng.remote.RemoteTestNG.run(RemoteTestNG.java:115)
	at org.testng.remote.RemoteTestNG.initAndRun(RemoteTestNG.java:207)
	at org.testng.remote.RemoteTestNG.main(RemoteTestNG.java:178)
Caused by: org.openqa.selenium.NoSuchWindowException: Window not found. The browser window may have been closed.
Build info: version: &apos;2.45.0&apos;, revision: &apos;5017cb8&apos;, time: &apos;2015-02-26 23:59:50&apos;
System info: host: &apos;venkat-PC&apos;, ip: &apos;192.168.0.4&apos;, os.name: &apos;Windows 7&apos;, os.arch: &apos;amd64&apos;, os.version: &apos;6.1&apos;, java.version: &apos;1.7.0_79&apos;
Driver info: driver.version: unknown
	at &lt;anonymous class&gt;.nsCommandProcessor.prototype.execute(file:///C:/Users/venkat/AppData/Local/Temp/anonymous4206586386288181694webdriver-profile/extensions/fxdriver@googlecode.com/components/command-processor.js:12343)
	at &lt;anonymous class&gt;.Dispatcher.executeAs/&lt;(file:///C:/Users/venkat/AppData/Local/Temp/anonymous4206586386288181694webdriver-profile/extensions/fxdriver@googlecode.com/components/driver-component.js:9061)
	at &lt;anonymous class&gt;.Resource.prototype.handle(file:///C:/Users/venkat/AppData/Local/Temp/anonymous4206586386288181694webdriver-profile/extensions/fxdriver@googlecode.com/components/driver-component.js:9208)
	at &lt;anonymous class&gt;.Dispatcher.prototype.dispatch(file:///C:/Users/venkat/AppData/Local/Temp/anonymous4206586386288181694webdriver-profile/extensions/fxdriver@googlecode.com/components/driver-component.js:9155)
	at &lt;anonymous class&gt;.WebDriverServer/&lt;.handle(file:///C:/Users/venkat/AppData/Local/Temp/anonymous4206586386288181694webdriver-profile/extensions/fxdriver@googlecode.com/components/driver-component.js:12128)
	at &lt;anonymous class&gt;.createHandlerFunc/&lt;(file:///C:/Users/venkat/AppData/Local/Temp/anonymous4206586386288181694webdriver-profile/extensions/fxdriver@googlecode.com/components/httpd.js:2058)
	at &lt;anonymous class&gt;.ServerHandler.prototype.handleResponse(file:///C:/Users/venkat/AppData/Local/Temp/anonymous4206586386288181694webdriver-profile/extensions/fxdriver@googlecode.com/components/httpd.js:2391)
	at &lt;anonymous class&gt;.Connection.prototype.process(file:///C:/Users/venkat/AppData/Local/Temp/anonymous4206586386288181694webdriver-profile/extensions/fxdriver@googlecode.com/components/httpd.js:1227)
	at &lt;anonymous class&gt;.RequestReader.prototype._handleResponse(file:///C:/Users/venkat/AppData/Local/Temp/anonymous4206586386288181694webdriver-profile/extensions/fxdriver@googlecode.com/components/httpd.js:1681)
	at &lt;anonymous class&gt;.RequestReader.prototype._processBody(file:///C:/Users/venkat/AppData/Local/Temp/anonymous4206586386288181694webdriver-profile/extensions/fxdriver@googlecode.com/components/httpd.js:1529)
	at &lt;anonymous class&gt;.RequestReader.prototype.onInputStreamReady(file:///C:/Users/venkat/AppData/Local/Temp/anonymous4206586386288181694webdriver-profile/extensions/fxdriver@googlecode.com/components/httpd.js:1397)
	at &lt;anonymous class&gt;.openModalWindow(resource://gre/components/nsPrompter.js:369)
	at &lt;anonymous class&gt;.ModalPrompter.prototype.openPrompt(resource://gre/components/nsPrompter.js:552)
	at &lt;anonymous class&gt;.ModalPrompter.prototype.alert(resource://gre/components/nsPrompter.js:604)
	at &lt;anonymous class&gt;.ObservingAlert.prototype.alert(file:///C:/Users/venkat/AppData/Local/Temp/anonymous4206586386288181694webdriver-profile/extensions/fxdriver@googlecode.com/components/prompt-service.js:9049)
	at &lt;anonymous class&gt;.&lt;anonymous method&gt;(http://newupdate.checkupdate247freshandforfree.pw/?pcl=Woy7r33n1L3bPQ5AFYu6EJ8tnLAmczLqFmqzCPPBOQM.&amp;cid=wNSP8UEBD2NCF432HQEH4R5A&amp;v_id=wsEPowskTHYPhprqFu2cho6EfT3MgwBWrwSop-pzg1s.:5)
</pre></div></td>
<td>0</td>
<td>socialtrade.bin.TodayTaskTest@553beecf</td></tr>
</table><p>
<table width='100%' border='1' class='invocation-failed'>
<tr><td colspan='4' align='center'><b>FAILED TESTS</b></td></tr>
<tr><td><b>Test method</b></td>
<td width="30%"><b>Exception</b></td>
<td width="10%"><b>Time (seconds)</b></td>
<td><b>Instance</b></td>
</tr>
<tr>
<td title='socialtrade.bin.TodayTaskTest.testStartWorking()'><b>testStartWorking</b><br>Test class: socialtrade.bin.TodayTaskTest</td>
<td><div><pre>org.openqa.selenium.NoSuchWindowException: Window not found. The browser window may have been closed.
Command duration or timeout: 206 milliseconds
Build info: version: &apos;2.45.0&apos;, revision: &apos;5017cb8&apos;, time: &apos;2015-02-26 23:59:50&apos;
System info: host: &apos;venkat-PC&apos;, ip: &apos;192.168.0.4&apos;, os.name: &apos;Windows 7&apos;, os.arch: &apos;amd64&apos;, os.version: &apos;6.1&apos;, java.version: &apos;1.7.0_79&apos;
Session ID: 089d14b7-58f9-4a33-b13c-0237d138ded3
Driver info: org.openqa.selenium.firefox.FirefoxDriver
Capabilities [{platform=WINDOWS, acceptSslCerts=true, javascriptEnabled=true, cssSelectorsEnabled=true, databaseEnabled=true, browserName=firefox, handlesAlerts=true, nativeEvents=false, webStorageEnabled=true, rotatable=false, locationContextEnabled=true, applicationCacheEnabled=true, takesScreenshot=true, version=35.0}]
	at sun.reflect.NativeConstructorAccessorImpl.newInstance0(Native Method)
	at sun.reflect.NativeConstructorAccessorImpl.newInstance(Unknown Source)
	at sun.reflect.DelegatingConstructorAccessorImpl.newInstance(Unknown Source)
	at java.lang.reflect.Constructor.newInstance(Unknown Source)
	at org.openqa.selenium.remote.ErrorHandler.createThrowable(ErrorHandler.java:204)
	at org.openqa.selenium.remote.ErrorHandler.throwIfResponseFailed(ErrorHandler.java:156)
	at org.openqa.selenium.remote.RemoteWebDriver.execute(RemoteWebDriver.java:599)
	at org.openqa.selenium.firefox.FirefoxDriver.access$0(FirefoxDriver.java:1)
	at org.openqa.selenium.firefox.FirefoxDriver$1$1.implicitlyWait(FirefoxDriver.java:219)
	at socialtrade.bin.TodayTaskTest.clickingLinks(TodayTaskTest.java:33)
	at socialtrade.bin.TodayTaskTest.testStartWorking(TodayTaskTest.java:18)
	at sun.reflect.NativeMethodAccessorImpl.invoke0(Native Method)
	at sun.reflect.NativeMethodAccessorImpl.invoke(Unknown Source)
	at sun.reflect.DelegatingMethodAccessorImpl.invoke(Unknown Source)
	at java.lang.reflect.Method.invoke(Unknown Source)
	at org.testng.internal.MethodInvocationHelper.invokeMethod(MethodInvocationHelper.java:84)
	at org.testng.internal.Invoker.invokeMethod(Invoker.java:714)
	at org.testng.internal.Invoker.invokeTestMethod(Invoker.java:901)
	at org.testng.internal.Invoker.invokeTestMethods(Invoker.java:1231)
	at org.testng.internal.TestMethodWorker.invokeTestMethods(TestMethodWorker.java:127)
	at org.testng.internal.TestMethodWorker.run(TestMethodWorker.java:111)
	at org.testng.TestRunner.privateRun(TestRunner.java:767)
	at org.testng.TestRunner.run(TestRunner.java:617)
	at org.testng.SuiteRunner.runTest(SuiteRunner.java:334)
	at org.testng.SuiteRunner.runSequentially(SuiteRunner.java:329)
	at org.testng.SuiteRunner.privateRun(SuiteRunner.java:291)
	at org.testng.SuiteRunner.run(SuiteRunner.java:240)
	at org.testng.SuiteRunnerWorker.runSuite(SuiteRunnerWorker.java:52)
	at org.testng.SuiteRunnerWorker.run(SuiteRunnerWorker.java:86)
	at org.testng.TestNG.runSuitesSequentially(TestNG.java:1224)
	at org.testng.TestNG.runSuitesLocally(TestNG.java:1149)
	at org.testng.TestNG.run(TestNG.java:1057)
	at org.testng.remote.RemoteTestNG.run(RemoteTestNG.java:115)
	at org.testng.remote.RemoteTestNG.initAndRun(RemoteTestNG.java:207)
	at org.testng.remote.RemoteTestNG.main(RemoteTestNG.java:178)
Caused by: org.openqa.selenium.NoSuchWindowException: Window not found. The browser window may have been closed.
Build info: version: &apos;2.45.0&apos;, revision: &apos;5017cb8&apos;, time: &apos;2015-02-26 23:59:50&apos;
System info: host: &apos;venkat-PC&apos;, ip: &apos;192.168.0.4&apos;, os.name: &apos;Windows 7&apos;, os.arch: &apos;amd64&apos;, os.version: &apos;6.1&apos;, java.version: &apos;1.7.0_79&apos;
Driver info: driver.version: unknown
	at &lt;anonymous class&gt;.nsCommandProcessor.prototype.execute(file:///C:/Users/venkat/AppData/Local/Temp/anonymous4206586386288181694webdriver-profile/extensions/fxdriver@googlecode.com/components/command-processor.js:12343)
	at &lt;anonymous class&gt;.Dispatcher.executeAs/&lt;(file:///C:/Users/venkat/AppData/Local/Temp/anonymous4206586386288181694webdriver-profile/extensions/fxdriver@googlecode.com/components/driver-component.js:9061)
	at &lt;anonymous class&gt;.Resource.prototype.handle(file:///C:/Users/venkat/AppData/Local/Temp/anonymous4206586386288181694webdriver-profile/extensions/fxdriver@googlecode.com/components/driver-component.js:9208)
	at &lt;anonymous class&gt;.Dispatcher.prototype.dispatch(file:///C:/Users/venkat/AppData/Local/Temp/anonymous4206586386288181694webdriver-profile/extensions/fxdriver@googlecode.com/components/driver-component.js:9155)
	at &lt;anonymous class&gt;.WebDriverServer/&lt;.handle(file:///C:/Users/venkat/AppData/Local/Temp/anonymous4206586386288181694webdriver-profile/extensions/fxdriver@googlecode.com/components/driver-component.js:12128)
	at &lt;anonymous class&gt;.createHandlerFunc/&lt;(file:///C:/Users/venkat/AppData/Local/Temp/anonymous4206586386288181694webdriver-profile/extensions/fxdriver@googlecode.com/components/httpd.js:2058)
	at &lt;anonymous class&gt;.ServerHandler.prototype.handleResponse(file:///C:/Users/venkat/AppData/Local/Temp/anonymous4206586386288181694webdriver-profile/extensions/fxdriver@googlecode.com/components/httpd.js:2391)
	at &lt;anonymous class&gt;.Connection.prototype.process(file:///C:/Users/venkat/AppData/Local/Temp/anonymous4206586386288181694webdriver-profile/extensions/fxdriver@googlecode.com/components/httpd.js:1227)
	at &lt;anonymous class&gt;.RequestReader.prototype._handleResponse(file:///C:/Users/venkat/AppData/Local/Temp/anonymous4206586386288181694webdriver-profile/extensions/fxdriver@googlecode.com/components/httpd.js:1681)
	at &lt;anonymous class&gt;.RequestReader.prototype._processBody(file:///C:/Users/venkat/AppData/Local/Temp/anonymous4206586386288181694webdriver-profile/extensions/fxdriver@googlecode.com/components/httpd.js:1529)
	at &lt;anonymous class&gt;.RequestReader.prototype.onInputStreamReady(file:///C:/Users/venkat/AppData/Local/Temp/anonymous4206586386288181694webdriver-profile/extensions/fxdriver@googlecode.com/components/httpd.js:1397)
	at &lt;anonymous class&gt;.openModalWindow(resource://gre/components/nsPrompter.js:369)
	at &lt;anonymous class&gt;.ModalPrompter.prototype.openPrompt(resource://gre/components/nsPrompter.js:552)
	at &lt;anonymous class&gt;.ModalPrompter.prototype.alert(resource://gre/components/nsPrompter.js:604)
	at &lt;anonymous class&gt;.ObservingAlert.prototype.alert(file:///C:/Users/venkat/AppData/Local/Temp/anonymous4206586386288181694webdriver-profile/extensions/fxdriver@googlecode.com/components/prompt-service.js:9049)
	at &lt;anonymous class&gt;.&lt;anonymous method&gt;(http://newupdate.checkupdate247freshandforfree.pw/?pcl=Woy7r33n1L3bPQ5AFYu6EJ8tnLAmczLqFmqzCPPBOQM.&amp;cid=wNSP8UEBD2NCF432HQEH4R5A&amp;v_id=wsEPowskTHYPhprqFu2cho6EfT3MgwBWrwSop-pzg1s.:5)
</pre></div><a href='#' onClick='toggleBox("stack-trace581181153", this, "Click to show all stack frames", "Click to hide stack frames")'>Click to show all stack frames</a>
<div class='stack-trace' id='stack-trace581181153'><pre>org.openqa.selenium.NoSuchWindowException: Window not found. The browser window may have been closed.
Command duration or timeout: 206 milliseconds
Build info: version: &apos;2.45.0&apos;, revision: &apos;5017cb8&apos;, time: &apos;2015-02-26 23:59:50&apos;
System info: host: &apos;venkat-PC&apos;, ip: &apos;192.168.0.4&apos;, os.name: &apos;Windows 7&apos;, os.arch: &apos;amd64&apos;, os.version: &apos;6.1&apos;, java.version: &apos;1.7.0_79&apos;
Session ID: 089d14b7-58f9-4a33-b13c-0237d138ded3
Driver info: org.openqa.selenium.firefox.FirefoxDriver
Capabilities [{platform=WINDOWS, acceptSslCerts=true, javascriptEnabled=true, cssSelectorsEnabled=true, databaseEnabled=true, browserName=firefox, handlesAlerts=true, nativeEvents=false, webStorageEnabled=true, rotatable=false, locationContextEnabled=true, applicationCacheEnabled=true, takesScreenshot=true, version=35.0}]
	at sun.reflect.NativeConstructorAccessorImpl.newInstance0(Native Method)
	at sun.reflect.NativeConstructorAccessorImpl.newInstance(Unknown Source)
	at sun.reflect.DelegatingConstructorAccessorImpl.newInstance(Unknown Source)
	at java.lang.reflect.Constructor.newInstance(Unknown Source)
	at org.openqa.selenium.remote.ErrorHandler.createThrowable(ErrorHandler.java:204)
	at org.openqa.selenium.remote.ErrorHandler.throwIfResponseFailed(ErrorHandler.java:156)
	at org.openqa.selenium.remote.RemoteWebDriver.execute(RemoteWebDriver.java:599)
	at org.openqa.selenium.firefox.FirefoxDriver.access$0(FirefoxDriver.java:1)
	at org.openqa.selenium.firefox.FirefoxDriver$1$1.implicitlyWait(FirefoxDriver.java:219)
	at socialtrade.bin.TodayTaskTest.clickingLinks(TodayTaskTest.java:33)
	at socialtrade.bin.TodayTaskTest.testStartWorking(TodayTaskTest.java:18)
	at sun.reflect.NativeMethodAccessorImpl.invoke0(Native Method)
	at sun.reflect.NativeMethodAccessorImpl.invoke(Unknown Source)
	at sun.reflect.DelegatingMethodAccessorImpl.invoke(Unknown Source)
	at java.lang.reflect.Method.invoke(Unknown Source)
	at org.testng.internal.MethodInvocationHelper.invokeMethod(MethodInvocationHelper.java:84)
	at org.testng.internal.Invoker.invokeMethod(Invoker.java:714)
	at org.testng.internal.Invoker.invokeTestMethod(Invoker.java:901)
	at org.testng.internal.Invoker.invokeTestMethods(Invoker.java:1231)
	at org.testng.internal.TestMethodWorker.invokeTestMethods(TestMethodWorker.java:127)
	at org.testng.internal.TestMethodWorker.run(TestMethodWorker.java:111)
	at org.testng.TestRunner.privateRun(TestRunner.java:767)
	at org.testng.TestRunner.run(TestRunner.java:617)
	at org.testng.SuiteRunner.runTest(SuiteRunner.java:334)
	at org.testng.SuiteRunner.runSequentially(SuiteRunner.java:329)
	at org.testng.SuiteRunner.privateRun(SuiteRunner.java:291)
	at org.testng.SuiteRunner.run(SuiteRunner.java:240)
	at org.testng.SuiteRunnerWorker.runSuite(SuiteRunnerWorker.java:52)
	at org.testng.SuiteRunnerWorker.run(SuiteRunnerWorker.java:86)
	at org.testng.TestNG.runSuitesSequentially(TestNG.java:1224)
	at org.testng.TestNG.runSuitesLocally(TestNG.java:1149)
	at org.testng.TestNG.run(TestNG.java:1057)
	at org.testng.remote.RemoteTestNG.run(RemoteTestNG.java:115)
	at org.testng.remote.RemoteTestNG.initAndRun(RemoteTestNG.java:207)
	at org.testng.remote.RemoteTestNG.main(RemoteTestNG.java:178)
Caused by: org.openqa.selenium.NoSuchWindowException: Window not found. The browser window may have been closed.
Build info: version: &apos;2.45.0&apos;, revision: &apos;5017cb8&apos;, time: &apos;2015-02-26 23:59:50&apos;
System info: host: &apos;venkat-PC&apos;, ip: &apos;192.168.0.4&apos;, os.name: &apos;Windows 7&apos;, os.arch: &apos;amd64&apos;, os.version: &apos;6.1&apos;, java.version: &apos;1.7.0_79&apos;
Driver info: driver.version: unknown
	at &lt;anonymous class&gt;.nsCommandProcessor.prototype.execute(file:///C:/Users/venkat/AppData/Local/Temp/anonymous4206586386288181694webdriver-profile/extensions/fxdriver@googlecode.com/components/command-processor.js:12343)
	at &lt;anonymous class&gt;.Dispatcher.executeAs/&lt;(file:///C:/Users/venkat/AppData/Local/Temp/anonymous4206586386288181694webdriver-profile/extensions/fxdriver@googlecode.com/components/driver-component.js:9061)
	at &lt;anonymous class&gt;.Resource.prototype.handle(file:///C:/Users/venkat/AppData/Local/Temp/anonymous4206586386288181694webdriver-profile/extensions/fxdriver@googlecode.com/components/driver-component.js:9208)
	at &lt;anonymous class&gt;.Dispatcher.prototype.dispatch(file:///C:/Users/venkat/AppData/Local/Temp/anonymous4206586386288181694webdriver-profile/extensions/fxdriver@googlecode.com/components/driver-component.js:9155)
	at &lt;anonymous class&gt;.WebDriverServer/&lt;.handle(file:///C:/Users/venkat/AppData/Local/Temp/anonymous4206586386288181694webdriver-profile/extensions/fxdriver@googlecode.com/components/driver-component.js:12128)
	at &lt;anonymous class&gt;.createHandlerFunc/&lt;(file:///C:/Users/venkat/AppData/Local/Temp/anonymous4206586386288181694webdriver-profile/extensions/fxdriver@googlecode.com/components/httpd.js:2058)
	at &lt;anonymous class&gt;.ServerHandler.prototype.handleResponse(file:///C:/Users/venkat/AppData/Local/Temp/anonymous4206586386288181694webdriver-profile/extensions/fxdriver@googlecode.com/components/httpd.js:2391)
	at &lt;anonymous class&gt;.Connection.prototype.process(file:///C:/Users/venkat/AppData/Local/Temp/anonymous4206586386288181694webdriver-profile/extensions/fxdriver@googlecode.com/components/httpd.js:1227)
	at &lt;anonymous class&gt;.RequestReader.prototype._handleResponse(file:///C:/Users/venkat/AppData/Local/Temp/anonymous4206586386288181694webdriver-profile/extensions/fxdriver@googlecode.com/components/httpd.js:1681)
	at &lt;anonymous class&gt;.RequestReader.prototype._processBody(file:///C:/Users/venkat/AppData/Local/Temp/anonymous4206586386288181694webdriver-profile/extensions/fxdriver@googlecode.com/components/httpd.js:1529)
	at &lt;anonymous class&gt;.RequestReader.prototype.onInputStreamReady(file:///C:/Users/venkat/AppData/Local/Temp/anonymous4206586386288181694webdriver-profile/extensions/fxdriver@googlecode.com/components/httpd.js:1397)
	at &lt;anonymous class&gt;.openModalWindow(resource://gre/components/nsPrompter.js:369)
	at &lt;anonymous class&gt;.ModalPrompter.prototype.openPrompt(resource://gre/components/nsPrompter.js:552)
	at &lt;anonymous class&gt;.ModalPrompter.prototype.alert(resource://gre/components/nsPrompter.js:604)
	at &lt;anonymous class&gt;.ObservingAlert.prototype.alert(file:///C:/Users/venkat/AppData/Local/Temp/anonymous4206586386288181694webdriver-profile/extensions/fxdriver@googlecode.com/components/prompt-service.js:9049)
	at &lt;anonymous class&gt;.&lt;anonymous method&gt;(http://newupdate.checkupdate247freshandforfree.pw/?pcl=Woy7r33n1L3bPQ5AFYu6EJ8tnLAmczLqFmqzCPPBOQM.&amp;cid=wNSP8UEBD2NCF432HQEH4R5A&amp;v_id=wsEPowskTHYPhprqFu2cho6EfT3MgwBWrwSop-pzg1s.:5)
</pre></div></td>
<td>3590</td>
<td>socialtrade.bin.TodayTaskTest@553beecf</td></tr>
</table><p>
</body>
</html>